2021.04.19 01:51:57 [Map] [INFO] : Generating sea
2021.04.19 01:51:57 [Map] [INFO] : Generating land
2021.04.19 01:52:06 [Map] [INFO] : Generating sea
2021.04.19 01:52:06 [Map] [INFO] : Generating land
2021.04.19 13:45:45 [Map] [INFO] : Generating sea
2021.04.19 13:45:45 [Map] [INFO] : Generating land
2021.04.19 13:46:15 [Map] [INFO] : Generating sea
2021.04.19 13:46:15 [Map] [INFO] : Generating land
2021.04.19 13:46:42 [Map] [INFO] : Generating sea
2021.04.19 13:46:42 [Map] [INFO] : Generating land
2021.04.19 13:46:53 [Map] [INFO] : Generating sea
2021.04.19 13:46:53 [Map] [INFO] : Generating land
2021.04.19 13:48:15 [Map] [INFO] : Generating sea
2021.04.19 13:48:15 [Map] [INFO] : Generating land
2021.04.19 13:48:38 [Map] [INFO] : Generating sea
2021.04.19 13:48:38 [Map] [INFO] : Generating land
2021.04.19 13:52:08 [Map] [INFO] : Generating sea
2021.04.19 13:52:08 [Map] [INFO] : Generating land
2021.04.19 13:52:29 [Map] [INFO] : Generating sea
2021.04.19 13:52:29 [Map] [INFO] : Generating land
2021.04.19 13:56:46 [Map] [INFO] : Generating sea
2021.04.19 13:56:46 [Map] [INFO] : Generating land
2021.04.19 14:00:52 [Map] [INFO] : Generating sea
2021.04.19 14:00:52 [Map] [INFO] : Generating land
2021.04.19 14:01:39 [Map] [INFO] : Generating sea
2021.04.19 14:01:39 [Map] [INFO] : Generating land
2021.04.19 14:16:37 [Map] [INFO] : Generating sea
2021.04.19 14:16:37 [Map] [INFO] : Generating land
2021.04.19 14:31:14 [Map] [INFO] : Generating sea
2021.04.19 14:31:14 [Map] [INFO] : Generating land
2021.04.19 14:42:46 [Map] [INFO] : Generating sea
2021.04.19 14:42:46 [Map] [INFO] : Generating land
2021.04.19 14:43:43 [Map] [INFO] : Generating sea
2021.04.19 14:43:43 [Map] [INFO] : Generating land
2021.04.19 14:48:41 [Map] [INFO] : Generating sea
2021.04.19 14:48:41 [Map] [INFO] : Generating land
2021.04.19 15:02:26 [Map] [INFO] : Generating sea
2021.04.19 15:02:26 [Map] [INFO] : Generating land
2021.04.19 15:07:05 [Map] [INFO] : Generating sea
2021.04.19 15:07:05 [Map] [INFO] : Generating land
2021.04.19 15:07:58 [Map] [INFO] : Generating sea
2021.04.19 15:07:58 [Map] [INFO] : Generating land
2021.04.19 15:08:05 [Map] [INFO] : Generating sea
2021.04.19 15:08:05 [Map] [INFO] : Generating land
2021.04.19 15:08:50 [Map] [INFO] : Generating sea
2021.04.19 15:08:50 [Map] [INFO] : Generating land
2021.04.19 15:10:48 [Map] [INFO] : Generating sea
2021.04.19 15:10:48 [Map] [INFO] : Generating land
2021.04.19 15:16:15 [Map] [INFO] : Generating sea
2021.04.19 15:16:15 [Map] [INFO] : Generating land
2021.04.19 15:22:11 [Map] [INFO] : Generating sea
2021.04.19 15:22:11 [Map] [INFO] : Generating land
2021.04.19 15:22:55 [Map] [INFO] : Generating sea
2021.04.19 15:22:55 [Map] [INFO] : Generating land
2021.04.19 15:27:43 [Map] [INFO] : Generating sea
2021.04.19 15:27:43 [Map] [INFO] : Generating land
2021.04.19 15:39:20 [Map] [INFO] : Generating sea
2021.04.19 15:39:20 [Map] [INFO] : Generating land
2021.04.19 15:39:54 [Map] [INFO] : Generating sea
2021.04.19 15:39:54 [Map] [INFO] : Generating land
2021.04.19 15:40:08 [Map] [INFO] : Generating sea
2021.04.19 15:40:08 [Map] [INFO] : Generating land
2021.04.19 15:40:23 [Map] [INFO] : Generating sea
2021.04.19 15:40:23 [Map] [INFO] : Generating land
2021.04.19 15:41:13 [Map] [INFO] : Generating sea
2021.04.19 15:41:13 [Map] [INFO] : Generating land
2021.04.19 15:46:28 [Map] [INFO] : Generating sea
2021.04.19 15:46:28 [Map] [INFO] : Generating land
2021.04.19 15:50:41 [Map] [INFO] : Generating sea
2021.04.19 15:50:41 [Map] [INFO] : Generating land
2021.04.19 15:52:54 [Map] [INFO] : Generating sea
2021.04.19 15:52:54 [Map] [INFO] : Generating land
2021.04.19 15:54:55 [Map] [INFO] : Generating sea
2021.04.19 15:54:55 [Map] [INFO] : Generating land
2021.04.19 15:55:25 [Map] [INFO] : Generating sea
2021.04.19 15:55:25 [Map] [INFO] : Generating land
2021.04.19 15:56:17 [Map] [INFO] : Generating sea
2021.04.19 15:56:17 [Map] [INFO] : Generating land
2021.04.19 15:58:46 [Map] [INFO] : Generating sea
2021.04.19 15:58:46 [Map] [INFO] : Generating land
2021.04.19 16:01:30 [Map] [INFO] : Generating sea
2021.04.19 16:01:30 [Map] [INFO] : Generating land
2021.04.19 16:01:36 [Map] [INFO] : Generating sea
2021.04.19 16:01:36 [Map] [INFO] : Generating land
2021.04.19 16:58:47 [src.Map] [INFO] : Generating sea
2021.04.19 16:58:47 [src.Map] [INFO] : Generating land
2021.04.19 16:59:02 [src.Map] [INFO] : Generating sea
2021.04.19 16:59:02 [src.Map] [INFO] : Generating land
2021.04.19 16:59:38 [src.Map] [INFO] : Generating sea
2021.04.19 16:59:38 [src.Map] [INFO] : Generating land
2021.04.19 16:59:52 [src.Map] [INFO] : Generating sea
2021.04.19 16:59:52 [src.Map] [INFO] : Generating land
2021.04.19 16:59:56 [src.Map] [INFO] : Generating sea
2021.04.19 16:59:56 [src.Map] [INFO] : Generating land
2021.04.19 17:00:00 [src.Map] [INFO] : Generating sea
2021.04.19 17:00:00 [src.Map] [INFO] : Generating land
2021.04.19 17:00:04 [src.Map] [INFO] : Generating sea
2021.04.19 17:00:04 [src.Map] [INFO] : Generating land
2021.04.19 17:00:27 [src.Map] [INFO] : Generating sea
2021.04.19 17:00:27 [src.Map] [INFO] : Generating land
2021.04.19 17:00:32 [src.Map] [INFO] : Generating sea
2021.04.19 17:00:32 [src.Map] [INFO] : Generating land
2021.04.19 17:00:36 [src.Map] [INFO] : Generating sea
2021.04.19 17:00:36 [src.Map] [INFO] : Generating land
2021.04.19 17:00:46 [src.Map] [INFO] : Generating sea
2021.04.19 17:00:46 [src.Map] [INFO] : Generating land
2021.04.19 17:00:51 [src.Map] [INFO] : Generating sea
2021.04.19 17:00:51 [src.Map] [INFO] : Generating land
2021.04.19 17:00:58 [src.Map] [INFO] : Generating sea
2021.04.19 17:00:58 [src.Map] [INFO] : Generating land
2021.04.19 17:01:01 [src.Map] [INFO] : Generating sea
2021.04.19 17:01:01 [src.Map] [INFO] : Generating land
2021.04.19 17:01:06 [src.Map] [INFO] : Generating sea
2021.04.19 17:01:06 [src.Map] [INFO] : Generating land
2021.04.19 17:01:10 [src.Map] [INFO] : Generating sea
2021.04.19 17:01:10 [src.Map] [INFO] : Generating land
2021.04.19 17:01:14 [src.Map] [INFO] : Generating sea
2021.04.19 17:01:14 [src.Map] [INFO] : Generating land
2021.04.19 17:01:17 [src.Map] [INFO] : Generating sea
2021.04.19 17:01:17 [src.Map] [INFO] : Generating land
2021.04.19 17:01:29 [src.Map] [INFO] : Generating sea
2021.04.19 17:01:29 [src.Map] [INFO] : Generating land
2021.04.19 17:01:36 [src.Map] [INFO] : Generating sea
2021.04.19 17:01:36 [src.Map] [INFO] : Generating land
2021.04.19 17:01:48 [src.Map] [INFO] : Generating sea
2021.04.19 17:01:48 [src.Map] [INFO] : Generating land
2021.04.19 17:02:13 [src.Map] [INFO] : Generating sea
2021.04.19 17:02:13 [src.Map] [INFO] : Generating land
2021.04.19 17:13:01 [src.Map] [INFO] : Generating sea
2021.04.19 17:13:01 [src.Map] [INFO] : Generating land
2021.04.19 17:13:07 [src.Map] [INFO] : Generating sea
2021.04.19 17:13:07 [src.Map] [INFO] : Generating land
2021.04.19 17:13:31 [src.Map] [INFO] : Generating sea
2021.04.19 17:13:31 [src.Map] [INFO] : Generating land
2021.04.19 17:13:37 [src.Map] [INFO] : Generating sea
2021.04.19 17:13:37 [src.Map] [INFO] : Generating land
2021.04.19 17:13:48 [src.Map] [INFO] : Generating sea
2021.04.19 17:13:48 [src.Map] [INFO] : Generating land
2021.04.19 17:14:58 [src.Map] [INFO] : Generating sea
2021.04.19 17:14:58 [src.Map] [INFO] : Generating land
2021.04.19 17:15:10 [src.Map] [INFO] : Generating sea
2021.04.19 17:15:10 [src.Map] [INFO] : Generating land
2021.04.19 17:16:15 [src.Map] [INFO] : Generating sea
2021.04.19 17:16:15 [src.Map] [INFO] : Generating land
2021.04.19 17:17:40 [src.Map] [INFO] : Generating sea
2021.04.19 17:17:40 [src.Map] [INFO] : Generating land
2021.04.19 17:17:52 [src.Map] [INFO] : Generating sea
2021.04.19 17:17:52 [src.Map] [INFO] : Generating land
2021.04.19 17:18:40 [src.Map] [INFO] : Generating sea
2021.04.19 17:18:40 [src.Map] [INFO] : Generating land
2021.04.19 17:20:16 [src.Map] [INFO] : Generating sea
2021.04.19 17:20:16 [src.Map] [INFO] : Generating land
2021.04.19 17:20:40 [src.Map] [INFO] : Generating sea
2021.04.19 17:20:40 [src.Map] [INFO] : Generating land
2021.04.19 17:21:11 [src.Map] [INFO] : Generating sea
2021.04.19 17:21:11 [src.Map] [INFO] : Generating land
2021.04.19 17:21:33 [src.Map] [INFO] : Generating sea
2021.04.19 17:21:33 [src.Map] [INFO] : Generating land
2021.04.19 17:23:00 [src.Map] [INFO] : Generating sea
2021.04.19 17:23:00 [src.Map] [INFO] : Generating land
2021.04.19 19:29:14 [src.Map] [INFO] : Generating sea
2021.04.19 19:29:14 [src.Map] [INFO] : Generating land
2021.04.19 19:29:36 [src.Map] [INFO] : Generating sea
2021.04.19 19:29:37 [src.Map] [INFO] : Generating land
2021.04.19 19:29:52 [src.Map] [INFO] : Generating sea
2021.04.19 19:29:52 [src.Map] [INFO] : Generating land
2021.04.19 19:30:15 [src.Map] [INFO] : Generating sea
2021.04.19 19:30:15 [src.Map] [INFO] : Generating land
2021.04.19 19:30:38 [src.Map] [INFO] : Generating sea
2021.04.19 19:30:38 [src.Map] [INFO] : Generating land
2021.04.19 19:30:56 [src.Map] [INFO] : Generating sea
2021.04.19 19:30:56 [src.Map] [INFO] : Generating land
2021.04.19 19:31:04 [src.Map] [INFO] : Generating sea
2021.04.19 19:31:04 [src.Map] [INFO] : Generating land
2021.04.19 19:31:35 [src.Map] [INFO] : Generating sea
2021.04.19 19:31:35 [src.Map] [INFO] : Generating land
2021.04.19 19:32:14 [src.Map] [INFO] : Generating sea
2021.04.19 19:32:16 [src.Map] [INFO] : Generating land
2021.04.19 19:32:46 [src.Map] [INFO] : Generating sea
2021.04.19 19:32:46 [src.Map] [INFO] : Generating land
2021.04.19 19:32:47 [src.Map] [INFO] : Generating sea
2021.04.19 19:32:47 [src.Map] [INFO] : Generating land
2021.04.19 19:40:42 [src.Map] [INFO] : Generating sea
2021.04.19 19:40:42 [src.Map] [INFO] : Generating land
2021.04.19 19:50:14 [src.Map] [INFO] : Generating sea
2021.04.19 19:50:14 [src.Map] [INFO] : Generating land
2021.04.19 20:05:03 [src.Map] [INFO] : Generating sea
2021.04.19 20:05:03 [src.Map] [INFO] : Generating land
2021.04.19 21:12:44 [src.Map] [INFO] : Generating sea
2021.04.19 21:12:44 [src.Map] [INFO] : Generating land
2021.04.19 22:00:39 [src.Map] [INFO] : Generating sea
2021.04.19 22:00:39 [src.Map] [INFO] : Generating land
2021.04.19 23:57:00 [src.Map] [INFO] : Generating sea
2021.04.19 23:57:00 [src.Map] [INFO] : Generating land
2021.04.19 23:57:42 [src.Map] [INFO] : Generating sea
2021.04.19 23:57:42 [src.Map] [INFO] : Generating land
2021.04.19 23:57:58 [src.Map] [INFO] : Generating sea
2021.04.19 23:57:58 [src.Map] [INFO] : Generating land
2021.04.20 09:28:02 [src.Map] [INFO] : Generating sea
2021.04.20 09:28:02 [src.Map] [INFO] : Generating land
2021.04.20 09:28:42 [src.Map] [INFO] : Generating sea
2021.04.20 09:28:42 [src.Map] [INFO] : Generating land
2021.04.20 21:16:54 [src.Map] [INFO] : Generating sea
2021.04.20 21:16:54 [src.Map] [INFO] : Generating land
2021.04.20 21:16:54 [src.Map] [INFO] : Generating Mountains
2021.04.20 21:16:54 [src.Map] [INFO] : Generating Caves
2021.04.20 22:50:51 [src.Map] [INFO] : Generating sea
2021.04.20 22:50:52 [src.Map] [INFO] : Generating land
2021.04.20 22:50:52 [src.Map] [INFO] : Generating Mountains
2021.04.20 22:50:52 [src.Map] [INFO] : Generating Caves
2021.04.22 16:32:24 [src.Map] [INFO] : Generating sea
2021.04.22 16:32:24 [src.Map] [INFO] : Generating land
2021.04.22 16:32:24 [src.Map] [INFO] : Generating Lakes
2021.04.22 16:32:24 [src.JavaReImplementations.Random] [SEVERE] : Wrong values at NextRandom generation: 0|-2
2021.04.22 16:32:55 [src.Map] [INFO] : Generating sea
2021.04.22 16:32:55 [src.Map] [INFO] : Generating land
2021.04.22 16:32:55 [src.Map] [INFO] : Generating Lakes
2021.04.22 16:35:31 [src.JavaReImplementations.Random] [SEVERE] : Wrong values at NextRandom generation: 0|-2
2021.04.22 16:35:41 [src.Map] [INFO] : Generating sea
2021.04.22 16:35:41 [src.Map] [INFO] : Generating land
2021.04.22 16:35:41 [src.Map] [INFO] : Generating Lakes
2021.04.22 16:35:41 [src.JavaReImplementations.Random] [SEVERE] : Wrong values at NextRandom generation: 0|-2
2021.04.22 16:35:47 [src.Map] [INFO] : Generating sea
2021.04.22 16:35:47 [src.Map] [INFO] : Generating land
2021.04.22 16:35:47 [src.Map] [INFO] : Generating Lakes
2021.04.22 16:35:51 [src.JavaReImplementations.Random] [SEVERE] : Wrong values at NextRandom generation: 0|-2
2021.04.22 16:35:56 [src.Map] [INFO] : Generating sea
2021.04.22 16:35:56 [src.Map] [INFO] : Generating land
2021.04.22 16:35:56 [src.Map] [INFO] : Generating Lakes
2021.04.22 16:35:56 [src.JavaReImplementations.Random] [SEVERE] : Wrong values at NextRandom generation: 0|-2
2021.04.22 16:36:32 [src.Map] [INFO] : Generating sea
2021.04.22 16:36:32 [src.Map] [INFO] : Generating land
2021.04.22 16:36:32 [src.Map] [INFO] : Generating Lakes
2021.04.22 16:37:38 [src.JavaReImplementations.Random] [SEVERE] : Wrong values at NextRandom generation: 0|-2
2021.04.22 16:38:11 [src.Map] [INFO] : Generating sea
2021.04.22 16:38:11 [src.Map] [INFO] : Generating land
2021.04.22 16:38:11 [src.Map] [INFO] : Generating Lakes
2021.04.22 16:38:16 [src.Map] [INFO] : Generating Mountains
2021.04.22 16:38:16 [src.Map] [INFO] : Generating Caves
2021.04.22 16:38:16 [src.Map] [INFO] : Generating Altars
2021.04.22 16:38:19 [src.Map] [INFO] : Generating sea
2021.04.22 16:38:19 [src.Map] [INFO] : Generating land
2021.04.22 16:38:19 [src.Map] [INFO] : Generating Lakes
2021.04.22 16:38:24 [src.JavaReImplementations.Random] [SEVERE] : Wrong values at NextRandom generation: 0|-2
2021.04.22 16:38:26 [src.Map] [INFO] : Generating sea
2021.04.22 16:38:26 [src.Map] [INFO] : Generating land
2021.04.22 16:38:26 [src.Map] [INFO] : Generating Lakes
2021.04.22 16:38:35 [src.Map] [INFO] : Generating sea
2021.04.22 16:38:35 [src.Map] [INFO] : Generating land
2021.04.22 16:38:35 [src.Map] [INFO] : Generating Lakes
2021.04.22 16:38:38 [src.JavaReImplementations.Random] [SEVERE] : Wrong values at NextRandom generation: 0|-2
2021.04.22 16:38:40 [src.Map] [INFO] : Generating sea
2021.04.22 16:38:40 [src.Map] [INFO] : Generating land
2021.04.22 16:38:40 [src.Map] [INFO] : Generating Lakes
2021.04.22 16:38:57 [src.JavaReImplementations.Random] [SEVERE] : Wrong values at NextRandom generation: 0|-2
2021.04.22 16:39:08 [src.Map] [INFO] : Generating sea
2021.04.22 16:39:08 [src.Map] [INFO] : Generating land
2021.04.22 16:39:08 [src.Map] [INFO] : Generating Lakes
2021.04.22 16:39:20 [src.Map] [INFO] : Generating sea
2021.04.22 16:39:20 [src.Map] [INFO] : Generating land
2021.04.22 16:39:20 [src.Map] [INFO] : Generating Lakes
2021.04.22 16:39:25 [src.Map] [INFO] : Generating sea
2021.04.22 16:39:25 [src.Map] [INFO] : Generating land
2021.04.22 16:39:25 [src.Map] [INFO] : Generating Lakes
2021.04.22 16:39:42 [src.Map] [INFO] : Generating sea
2021.04.22 16:39:42 [src.Map] [INFO] : Generating land
2021.04.22 16:39:42 [src.Map] [INFO] : Generating Lakes
2021.04.22 16:40:01 [src.Map] [INFO] : Generating sea
2021.04.22 16:40:01 [src.Map] [INFO] : Generating land
2021.04.22 16:40:01 [src.Map] [INFO] : Generating Lakes
2021.04.22 16:41:42 [src.JavaReImplementations.Random] [SEVERE] : Wrong values at NextRandom generation: 0|-2
2021.04.22 16:41:55 [src.Map] [INFO] : Generating sea
2021.04.22 16:41:55 [src.Map] [INFO] : Generating land
2021.04.22 16:41:55 [src.Map] [INFO] : Generating Lakes
2021.04.22 16:42:05 [src.Map] [INFO] : Generating Mountains
2021.04.22 16:42:05 [src.Map] [INFO] : Generating Caves
2021.04.22 16:42:05 [src.Map] [INFO] : Generating Altars
2021.04.22 16:42:06 [src.Map] [INFO] : Generating sea
2021.04.22 16:42:06 [src.Map] [INFO] : Generating land
2021.04.22 16:42:06 [src.Map] [INFO] : Generating Lakes
2021.04.22 16:42:09 [src.Map] [INFO] : Generating Mountains
2021.04.22 16:42:09 [src.Map] [INFO] : Generating Caves
2021.04.22 16:42:09 [src.Map] [INFO] : Generating Altars
2021.04.22 16:42:14 [src.Map] [INFO] : Generating sea
2021.04.22 16:42:14 [src.Map] [INFO] : Generating land
2021.04.22 16:42:14 [src.Map] [INFO] : Generating Lakes
2021.04.22 16:42:18 [src.Map] [INFO] : Generating Mountains
2021.04.22 16:42:18 [src.Map] [INFO] : Generating Caves
2021.04.22 16:42:18 [src.Map] [INFO] : Generating Altars
2021.04.22 16:42:20 [src.Map] [INFO] : Generating sea
2021.04.22 16:42:20 [src.Map] [INFO] : Generating land
2021.04.22 16:42:20 [src.Map] [INFO] : Generating Lakes
2021.04.22 16:43:53 [src.Map] [INFO] : Generating Mountains
2021.04.22 16:43:53 [src.Map] [INFO] : Generating Caves
2021.04.22 16:43:53 [src.Map] [INFO] : Generating Altars
2021.04.22 16:44:02 [src.Map] [INFO] : Generating sea
2021.04.22 16:44:02 [src.Map] [INFO] : Generating land
2021.04.22 16:44:02 [src.Map] [INFO] : Generating Lakes
2021.04.22 16:44:14 [src.Map] [INFO] : Generating Mountains
2021.04.22 16:44:14 [src.Map] [INFO] : Generating Caves
2021.04.22 16:44:14 [src.Map] [INFO] : Generating Altars
2021.04.22 16:44:46 [src.Map] [INFO] : Generating sea
2021.04.22 16:44:46 [src.Map] [INFO] : Generating land
2021.04.22 16:44:46 [src.Map] [INFO] : Generating Lakes
2021.04.22 16:44:46 [src.Map] [INFO] : Generating Mountains
2021.04.22 16:44:46 [src.Map] [INFO] : Generating Caves
2021.04.22 16:44:46 [src.Map] [INFO] : Generating Altars
2021.04.22 16:44:56 [src.Map] [INFO] : Generating sea
2021.04.22 16:44:56 [src.Map] [INFO] : Generating land
2021.04.22 16:44:56 [src.Map] [INFO] : Generating Lakes
2021.04.22 16:44:56 [src.Map] [INFO] : Generating Mountains
2021.04.22 16:44:56 [src.Map] [INFO] : Generating Caves
2021.04.22 16:44:56 [src.Map] [INFO] : Generating Altars
2021.04.22 16:45:05 [src.Map] [INFO] : Generating sea
2021.04.22 16:45:05 [src.Map] [INFO] : Generating land
2021.04.22 16:45:05 [src.Map] [INFO] : Generating Lakes
2021.04.22 16:45:05 [src.Map] [INFO] : Generating Mountains
2021.04.22 16:45:05 [src.Map] [INFO] : Generating Caves
2021.04.22 16:45:05 [src.Map] [INFO] : Generating Altars
2021.04.22 16:45:12 [src.Map] [INFO] : Generating sea
2021.04.22 16:45:12 [src.Map] [INFO] : Generating land
2021.04.22 16:45:12 [src.Map] [INFO] : Generating Lakes
2021.04.22 16:45:12 [src.Map] [INFO] : Generating Mountains
2021.04.22 16:45:12 [src.Map] [INFO] : Generating Caves
2021.04.22 16:45:12 [src.Map] [INFO] : Generating Altars
2021.04.22 16:50:18 [src.Map] [INFO] : Generating sea
2021.04.22 16:50:18 [src.Map] [INFO] : Generating land
2021.04.22 16:50:18 [src.Map] [INFO] : Generating Lakes
2021.04.22 16:50:41 [src.Map] [INFO] : Generating Mountains
2021.04.22 16:50:41 [src.Map] [INFO] : Generating Caves
2021.04.22 16:50:41 [src.Map] [INFO] : Generating Altars
2021.04.22 16:50:42 [src.Map] [INFO] : Generating sea
2021.04.22 16:50:42 [src.Map] [INFO] : Generating land
2021.04.22 16:50:42 [src.Map] [INFO] : Generating Lakes
2021.04.22 16:51:42 [src.Map] [INFO] : Generating Mountains
2021.04.22 16:51:42 [src.Map] [INFO] : Generating Caves
2021.04.22 16:51:42 [src.Map] [INFO] : Generating Altars
2021.04.22 16:51:45 [src.Map] [INFO] : Generating sea
2021.04.22 16:51:45 [src.Map] [INFO] : Generating land
2021.04.22 16:51:45 [src.Map] [INFO] : Generating Lakes
2021.04.22 16:51:48 [src.Map] [INFO] : Generating Mountains
2021.04.22 16:51:48 [src.Map] [INFO] : Generating Caves
2021.04.22 16:51:48 [src.Map] [INFO] : Generating Altars
2021.04.22 16:51:50 [src.Map] [INFO] : Generating sea
2021.04.22 16:51:50 [src.Map] [INFO] : Generating land
2021.04.22 16:51:50 [src.Map] [INFO] : Generating Lakes
2021.04.22 16:51:52 [src.Map] [INFO] : Generating Mountains
2021.04.22 16:51:52 [src.Map] [INFO] : Generating Caves
2021.04.22 16:51:52 [src.Map] [INFO] : Generating Altars
2021.04.22 16:51:54 [src.Map] [INFO] : Generating sea
2021.04.22 16:51:54 [src.Map] [INFO] : Generating land
2021.04.22 16:51:54 [src.Map] [INFO] : Generating Lakes
2021.04.22 16:51:55 [src.Map] [INFO] : Generating Mountains
2021.04.22 16:51:55 [src.Map] [INFO] : Generating Caves
2021.04.22 16:51:55 [src.Map] [INFO] : Generating Altars
2021.04.22 16:51:57 [src.Map] [INFO] : Generating sea
2021.04.22 16:51:57 [src.Map] [INFO] : Generating land
2021.04.22 16:51:57 [src.Map] [INFO] : Generating Lakes
2021.04.22 16:51:58 [src.Map] [INFO] : Generating Mountains
2021.04.22 16:51:58 [src.Map] [INFO] : Generating Caves
2021.04.22 16:51:58 [src.Map] [INFO] : Generating Altars
2021.04.22 16:52:00 [src.Map] [INFO] : Generating sea
2021.04.22 16:52:00 [src.Map] [INFO] : Generating land
2021.04.22 16:52:00 [src.Map] [INFO] : Generating Lakes
2021.04.22 16:52:02 [src.Map] [INFO] : Generating Mountains
2021.04.22 16:52:02 [src.Map] [INFO] : Generating Caves
2021.04.22 16:52:02 [src.Map] [INFO] : Generating Altars
2021.04.22 16:52:03 [src.Map] [INFO] : Generating sea
2021.04.22 16:52:03 [src.Map] [INFO] : Generating land
2021.04.22 16:52:03 [src.Map] [INFO] : Generating Lakes
2021.04.22 16:52:36 [src.Map] [INFO] : Generating Mountains
2021.04.22 16:52:36 [src.Map] [INFO] : Generating Caves
2021.04.22 16:52:36 [src.Map] [INFO] : Generating Altars
2021.04.22 16:52:47 [src.Map] [INFO] : Generating sea
2021.04.22 16:52:47 [src.Map] [INFO] : Generating land
2021.04.22 16:52:47 [src.Map] [INFO] : Generating Lakes
2021.04.22 16:52:47 [src.Map] [INFO] : Generating Mountains
2021.04.22 16:52:47 [src.Map] [INFO] : Generating Caves
2021.04.22 16:52:47 [src.Map] [INFO] : Generating Altars
2021.04.22 16:52:59 [src.Map] [INFO] : Generating sea
2021.04.22 16:52:59 [src.Map] [INFO] : Generating land
2021.04.22 16:52:59 [src.Map] [INFO] : Generating Lakes
2021.04.22 16:52:59 [src.Map] [INFO] : Generating Mountains
2021.04.22 16:52:59 [src.Map] [INFO] : Generating Caves
2021.04.22 16:52:59 [src.Map] [INFO] : Generating Altars
2021.04.22 16:53:13 [src.Map] [INFO] : Generating sea
2021.04.22 16:53:13 [src.Map] [INFO] : Generating land
2021.04.22 16:53:13 [src.Map] [INFO] : Generating Lakes
2021.04.22 16:53:13 [src.Map] [INFO] : Generating Mountains
2021.04.22 16:53:13 [src.Map] [INFO] : Generating Caves
2021.04.22 16:53:13 [src.Map] [INFO] : Generating Altars
2021.04.22 16:53:28 [src.Map] [INFO] : Generating sea
2021.04.22 16:53:28 [src.Map] [INFO] : Generating land
2021.04.22 16:53:28 [src.Map] [INFO] : Generating Lakes
2021.04.22 16:53:28 [src.Map] [INFO] : Generating Mountains
2021.04.22 16:53:28 [src.Map] [INFO] : Generating Caves
2021.04.22 16:53:28 [src.Map] [INFO] : Generating Altars
2021.04.22 16:55:25 [src.Map] [INFO] : Generating sea
2021.04.22 16:55:25 [src.Map] [INFO] : Generating land
2021.04.22 16:55:25 [src.Map] [INFO] : Generating Lakes
2021.04.22 16:55:43 [src.Map] [INFO] : Generating sea
2021.04.22 16:55:43 [src.Map] [INFO] : Generating land
2021.04.22 16:55:43 [src.Map] [INFO] : Generating Lakes
2021.04.22 16:55:47 [src.Map] [INFO] : Generating sea
2021.04.22 16:55:47 [src.Map] [INFO] : Generating land
2021.04.22 16:55:47 [src.Map] [INFO] : Generating Lakes
2021.04.22 16:56:28 [src.Map] [INFO] : Generating sea
2021.04.22 16:56:28 [src.Map] [INFO] : Generating land
2021.04.22 16:56:28 [src.Map] [INFO] : Generating Lakes
2021.04.22 16:56:57 [src.JavaReImplementations.Random] [SEVERE] : Wrong values at NextRandom generation: 0|-2
2021.04.22 16:58:22 [src.Map] [INFO] : Generating sea
2021.04.22 16:58:22 [src.Map] [INFO] : Generating land
2021.04.22 16:58:22 [src.Map] [INFO] : Generating Lakes
2021.04.22 16:59:01 [src.JavaReImplementations.Random] [SEVERE] : Wrong values at NextRandom generation: 0|-2
2021.04.22 17:00:37 [src.Map] [INFO] : Generating sea
2021.04.22 17:00:37 [src.Map] [INFO] : Generating land
2021.04.22 17:00:37 [src.Map] [INFO] : Generating Lakes
2021.04.22 17:00:37 [src.JavaReImplementations.Random] [SEVERE] : Wrong values at NextRandom generation: 0|-2
2021.04.22 17:02:06 [src.Map] [INFO] : Generating sea
2021.04.22 17:02:06 [src.Map] [INFO] : Generating land
2021.04.22 17:02:06 [src.Map] [INFO] : Generating Lakes
2021.04.22 17:02:06 [src.Map] [INFO] : Generating Mountains
2021.04.22 17:02:06 [src.Map] [INFO] : Generating Caves
2021.04.22 17:02:06 [src.Map] [INFO] : Generating Altars
2021.04.22 17:03:16 [src.Map] [INFO] : Generating sea
2021.04.22 17:03:16 [src.Map] [INFO] : Generating land
2021.04.22 17:03:16 [src.Map] [INFO] : Generating Lakes
2021.04.22 17:03:53 [src.Map] [INFO] : Generating sea
2021.04.22 17:03:53 [src.Map] [INFO] : Generating land
2021.04.22 17:03:53 [src.Map] [INFO] : Generating Lakes
2021.04.22 17:03:53 [src.Map] [INFO] : Generating Mountains
2021.04.22 17:03:53 [src.Map] [INFO] : Generating Caves
2021.04.22 17:03:53 [src.Map] [INFO] : Generating Altars
2021.04.22 17:04:26 [src.Map] [INFO] : Generating sea
2021.04.22 17:04:26 [src.Map] [INFO] : Generating land
2021.04.22 17:04:26 [src.Map] [INFO] : Generating Lakes
2021.04.22 17:04:26 [src.Map] [INFO] : Generating Mountains
2021.04.22 17:04:26 [src.Map] [INFO] : Generating Caves
2021.04.22 17:04:26 [src.Map] [INFO] : Generating Altars
2021.04.22 17:04:43 [src.Map] [INFO] : Generating sea
2021.04.22 17:04:43 [src.Map] [INFO] : Generating land
2021.04.22 17:04:43 [src.Map] [INFO] : Generating Lakes
2021.04.22 17:04:43 [src.Map] [INFO] : Generating Mountains
2021.04.22 17:04:43 [src.Map] [INFO] : Generating Caves
2021.04.22 17:04:43 [src.Map] [INFO] : Generating Altars
2021.04.22 17:05:39 [src.Map] [INFO] : Generating sea
2021.04.22 17:05:39 [src.Map] [INFO] : Generating land
2021.04.22 17:05:39 [src.Map] [INFO] : Generating Lakes
2021.04.22 17:05:39 [src.Map] [INFO] : Generating Mountains
2021.04.22 17:05:39 [src.Map] [INFO] : Generating Caves
2021.04.22 17:05:39 [src.Map] [INFO] : Generating Altars
2021.04.22 17:05:50 [src.Map] [INFO] : Generating sea
2021.04.22 17:05:50 [src.Map] [INFO] : Generating land
2021.04.22 17:05:50 [src.Map] [INFO] : Generating Lakes
2021.04.22 17:05:50 [src.JavaReImplementations.Random] [SEVERE] : Wrong values at NextRandom generation: 0|-1
2021.04.22 17:08:11 [src.Map] [INFO] : Generating sea
2021.04.22 17:08:11 [src.Map] [INFO] : Generating land
2021.04.22 17:08:11 [src.Map] [INFO] : Generating Lakes
2021.04.22 17:08:11 [src.Map] [INFO] : Generating Mountains
2021.04.22 17:08:11 [src.Map] [INFO] : Generating Caves
2021.04.22 17:08:11 [src.Map] [INFO] : Generating Altars
2021.04.22 17:08:54 [src.Map] [INFO] : Generating sea
2021.04.22 17:08:54 [src.Map] [INFO] : Generating land
2021.04.22 17:08:54 [src.Map] [INFO] : Generating Lakes
2021.04.22 17:08:54 [src.Map] [INFO] : Generating Mountains
2021.04.22 17:08:54 [src.Map] [INFO] : Generating Caves
2021.04.22 17:08:54 [src.Map] [INFO] : Generating Altars
2021.04.22 17:12:47 [src.Map] [INFO] : Generating sea
2021.04.22 17:12:47 [src.Map] [INFO] : Generating land
2021.04.22 17:12:47 [src.Map] [INFO] : Generating Lakes
2021.04.22 17:12:47 [src.Map] [INFO] : Generating Mountains
2021.04.22 17:12:47 [src.Map] [INFO] : Generating Caves
2021.04.22 17:12:47 [src.Map] [INFO] : Generating Altars
2021.04.22 17:34:06 [src.Map] [INFO] : Generating sea
2021.04.22 17:34:06 [src.Map] [INFO] : Generating land
2021.04.22 17:34:06 [src.Map] [INFO] : Generating Lakes
2021.04.22 17:34:06 [src.Map] [INFO] : Generating Mountains
2021.04.22 17:34:06 [src.Map] [INFO] : Generating Caves
2021.04.22 17:34:06 [src.Map] [INFO] : Generating Altars
2021.04.22 17:34:16 [src.Map] [INFO] : Generating sea
2021.04.22 17:34:16 [src.Map] [INFO] : Generating land
2021.04.22 17:34:16 [src.Map] [INFO] : Generating Lakes
2021.04.22 17:34:16 [src.Map] [INFO] : Generating Mountains
2021.04.22 17:34:16 [src.Map] [INFO] : Generating Caves
2021.04.22 17:34:16 [src.Map] [INFO] : Generating Altars
2021.04.22 17:35:07 [src.Map] [INFO] : Generating sea
2021.04.22 17:35:07 [src.Map] [INFO] : Generating land
2021.04.22 17:35:07 [src.Map] [INFO] : Generating Lakes
2021.04.22 17:35:07 [src.Map] [INFO] : Generating Mountains
2021.04.22 17:35:07 [src.Map] [INFO] : Generating Caves
2021.04.22 17:35:07 [src.Map] [INFO] : Generating Altars
2021.04.22 17:35:37 [src.Map] [INFO] : Generating sea
2021.04.22 17:35:37 [src.Map] [INFO] : Generating land
2021.04.22 17:35:37 [src.Map] [INFO] : Generating Lakes
2021.04.22 17:35:37 [src.Map] [INFO] : Generating Mountains
2021.04.22 17:35:37 [src.Map] [INFO] : Generating Caves
2021.04.22 17:35:37 [src.Map] [INFO] : Generating Altars
2021.04.22 17:35:50 [src.Map] [INFO] : Generating sea
2021.04.22 17:35:50 [src.Map] [INFO] : Generating land
2021.04.22 17:35:50 [src.Map] [INFO] : Generating Lakes
2021.04.22 17:35:50 [src.Map] [INFO] : Generating Mountains
2021.04.22 17:35:50 [src.Map] [INFO] : Generating Caves
2021.04.22 17:35:50 [src.Map] [INFO] : Generating Altars
2021.04.22 17:42:27 [src.Map] [INFO] : Generating sea
2021.04.22 17:42:27 [src.Map] [INFO] : Generating land
2021.04.22 17:42:27 [src.Map] [INFO] : Generating Lakes
2021.04.22 17:42:27 [src.Map] [INFO] : Generating Jungles
2021.04.22 17:42:27 [src.Map] [INFO] : Generating Mountains
2021.04.22 17:42:27 [src.Map] [INFO] : Generating Caves
2021.04.22 17:42:27 [src.Map] [INFO] : Generating Altars
2021.04.22 17:42:39 [src.Map] [INFO] : Generating sea
2021.04.22 17:42:39 [src.Map] [INFO] : Generating land
2021.04.22 17:42:39 [src.Map] [INFO] : Generating Lakes
2021.04.22 17:42:39 [src.Map] [INFO] : Generating Jungles
2021.04.22 17:42:39 [src.Map] [INFO] : Generating Mountains
2021.04.22 17:42:39 [src.Map] [INFO] : Generating Caves
2021.04.22 17:42:39 [src.Map] [INFO] : Generating Altars
2021.04.22 17:42:55 [src.Map] [INFO] : Generating sea
2021.04.22 17:42:55 [src.Map] [INFO] : Generating land
2021.04.22 17:42:55 [src.Map] [INFO] : Generating Lakes
2021.04.22 17:42:55 [src.Map] [INFO] : Generating Jungles
2021.04.22 17:42:55 [src.Map] [INFO] : Generating Mountains
2021.04.22 17:42:55 [src.Map] [INFO] : Generating Caves
2021.04.22 17:42:55 [src.Map] [INFO] : Generating Altars
2021.04.22 17:43:47 [src.Map] [INFO] : Generating sea
2021.04.22 17:43:47 [src.Map] [INFO] : Generating land
2021.04.22 17:43:47 [src.Map] [INFO] : Generating Lakes
2021.04.22 17:43:47 [src.Map] [INFO] : Generating Jungles
2021.04.22 17:43:47 [src.Map] [INFO] : Generating Mountains
2021.04.22 17:43:47 [src.Map] [INFO] : Generating Caves
2021.04.22 17:43:47 [src.Map] [INFO] : Generating Altars
2021.04.22 17:43:54 [src.Map] [INFO] : Generating sea
2021.04.22 17:43:54 [src.Map] [INFO] : Generating land
2021.04.22 17:43:54 [src.Map] [INFO] : Generating Lakes
2021.04.22 17:43:54 [src.Map] [INFO] : Generating Jungles
2021.04.22 17:43:54 [src.Map] [INFO] : Generating Mountains
2021.04.22 17:43:54 [src.Map] [INFO] : Generating Caves
2021.04.22 17:43:54 [src.Map] [INFO] : Generating Altars
2021.04.22 17:44:07 [src.Map] [INFO] : Generating sea
2021.04.22 17:44:07 [src.Map] [INFO] : Generating land
2021.04.22 17:44:07 [src.Map] [INFO] : Generating Lakes
2021.04.22 17:44:07 [src.Map] [INFO] : Generating Jungles
2021.04.22 17:44:07 [src.Map] [INFO] : Generating Mountains
2021.04.22 17:44:07 [src.Map] [INFO] : Generating Caves
2021.04.22 17:44:07 [src.Map] [INFO] : Generating Altars
2021.04.22 17:44:16 [src.Map] [INFO] : Generating sea
2021.04.22 17:44:16 [src.Map] [INFO] : Generating land
2021.04.22 17:44:16 [src.Map] [INFO] : Generating Lakes
2021.04.22 17:44:16 [src.Map] [INFO] : Generating Jungles
2021.04.22 17:44:16 [src.Map] [INFO] : Generating Mountains
2021.04.22 17:44:16 [src.Map] [INFO] : Generating Caves
2021.04.22 17:44:16 [src.Map] [INFO] : Generating Altars
2021.04.22 17:49:19 [src.Map] [INFO] : Generating sea
2021.04.22 17:49:19 [src.Map] [INFO] : Generating land
2021.04.22 17:49:19 [src.Map] [INFO] : Generating Lakes
2021.04.22 17:49:19 [src.Map] [INFO] : Generating Jungles
2021.04.22 17:49:19 [src.Map] [INFO] : Generating Mountains
2021.04.22 17:49:19 [src.Map] [INFO] : Generating Caves
2021.04.22 17:49:19 [src.Map] [INFO] : Generating Villages
2021.04.22 17:49:19 [src.Map] [INFO] : Generating Altars
2021.04.22 17:49:37 [src.Map] [INFO] : Generating sea
2021.04.22 17:49:37 [src.Map] [INFO] : Generating land
2021.04.22 17:49:37 [src.Map] [INFO] : Generating Lakes
2021.04.22 17:49:37 [src.Map] [INFO] : Generating Jungles
2021.04.22 17:49:37 [src.Map] [INFO] : Generating Mountains
2021.04.22 17:49:37 [src.Map] [INFO] : Generating Caves
2021.04.22 17:49:37 [src.Map] [INFO] : Generating Villages
2021.04.22 17:49:37 [src.Map] [INFO] : Generating Altars
2021.04.22 17:49:57 [src.Map] [INFO] : Generating sea
2021.04.22 17:49:57 [src.Map] [INFO] : Generating land
2021.04.22 17:49:57 [src.Map] [INFO] : Generating Lakes
2021.04.22 17:49:57 [src.Map] [INFO] : Generating Jungles
2021.04.22 17:49:57 [src.Map] [INFO] : Generating Mountains
2021.04.22 17:49:57 [src.Map] [INFO] : Generating Caves
2021.04.22 17:49:57 [src.Map] [INFO] : Generating Villages
2021.04.22 17:49:57 [src.Map] [INFO] : Generating Altars
2021.04.22 17:50:26 [src.Map] [INFO] : Generating sea
2021.04.22 17:50:26 [src.Map] [INFO] : Generating land
2021.04.22 17:50:26 [src.Map] [INFO] : Generating Lakes
2021.04.22 17:50:26 [src.Map] [INFO] : Generating Jungles
2021.04.22 17:50:26 [src.Map] [INFO] : Generating Mountains
2021.04.22 17:50:26 [src.Map] [INFO] : Generating Caves
2021.04.22 17:50:26 [src.Map] [INFO] : Generating Villages
2021.04.22 17:50:26 [src.Map] [INFO] : Generating Altars
2021.04.22 17:58:02 [src.Map] [INFO] : Generating sea
2021.04.22 17:58:02 [src.Map] [INFO] : Generating land
2021.04.22 17:58:02 [src.Map] [INFO] : Generating Lakes
2021.04.22 17:58:02 [src.JavaReImplementations.Random] [SEVERE] : Wrong values at NextRandom generation: 0|-1
2021.04.22 17:58:08 [src.Map] [INFO] : Generating sea
2021.04.22 17:58:08 [src.Map] [INFO] : Generating land
2021.04.22 17:58:08 [src.Map] [INFO] : Generating Lakes
2021.04.22 17:58:08 [src.Map] [INFO] : Generating Jungles
2021.04.22 17:58:08 [src.Map] [INFO] : Generating Mountains
2021.04.22 17:58:08 [src.Map] [INFO] : Generating Caves
2021.04.22 17:58:08 [src.Map] [INFO] : Generating Villages
2021.04.22 17:58:08 [src.Map] [INFO] : Generating Altars
2021.04.22 17:58:59 [src.Map] [INFO] : Generating sea
2021.04.22 17:58:59 [src.Map] [INFO] : Generating land
2021.04.22 17:58:59 [src.Map] [INFO] : Generating Lakes
2021.04.22 17:58:59 [src.Map] [INFO] : Generating Jungles
2021.04.22 17:58:59 [src.Map] [INFO] : Generating Mountains
2021.04.22 17:58:59 [src.Map] [INFO] : Generating Caves
2021.04.22 17:58:59 [src.Map] [INFO] : Generating Villages
2021.04.22 17:58:59 [src.Map] [INFO] : Generating Altars
2021.04.22 17:59:44 [src.Map] [INFO] : Generating sea
2021.04.22 17:59:44 [src.Map] [INFO] : Generating land
2021.04.22 17:59:44 [src.Map] [INFO] : Generating Lakes
2021.04.22 17:59:44 [src.Map] [INFO] : Generating Jungles
2021.04.22 17:59:44 [src.Map] [INFO] : Generating Mountains
2021.04.22 17:59:44 [src.Map] [INFO] : Generating Caves
2021.04.22 17:59:44 [src.Map] [INFO] : Generating Villages
2021.04.22 17:59:44 [src.Map] [INFO] : Generating Altars
2021.04.22 17:59:48 [src.Map] [INFO] : Generating sea
2021.04.22 17:59:48 [src.Map] [INFO] : Generating land
2021.04.22 17:59:48 [src.Map] [INFO] : Generating Lakes
2021.04.22 17:59:48 [src.Map] [INFO] : Generating Jungles
2021.04.22 17:59:48 [src.Map] [INFO] : Generating Mountains
2021.04.22 17:59:48 [src.Map] [INFO] : Generating Caves
2021.04.22 17:59:48 [src.Map] [INFO] : Generating Villages
2021.04.22 17:59:48 [src.JavaReImplementations.Random] [SEVERE] : Wrong values at NextRandom generation: 0|-1
